1
2
3
4
5
6
7
8
9
10
11
12
13
14
15
16
17
18
19
20
21
22
23
24
25
26
27
28
'link_flair_text'
29
30
'link_flair_text'
31
32
33
34
35
36
37
'selftext'
38
39
40
41
'selftext'
42
43
44
45
46
47
48
49
50
51
52
53
'link_flair_text'
54
55
56
57
58
59
60
61
62
63
64
65
66
67
68
list index out of range
list index out of range
list index out of range
error found
69
70
71
72
73
74
75
76
77
78
79
80
81
82
83
84
'selftext'
85
86
87
88
'selftext'
89
90
91
92
93
94
95
96
97
'link_flair_text'
98
99
100
101
102
103
104
105
106
107
108
109
110
111
112
113
114
115
'link_flair_text'
'link_flair_text'
116
117
118
119
120
121
122
123
124
125
126
'link_flair_text'
127
128
129
130
131
132
133
'selftext'
134
'link_flair_text'
135
136
137
138
139
140
'link_flair_text'
141
142
143
144
145
146
147
148
149
150
151
152
153
154
155
156
157
158
159
160
161
162
163
164
165
166
167
'selftext'
'selftext'
'selftext'
'selftext'
'selftext'
168
'selftext'
169
'selftext'
'selftext'
'selftext'
'selftext'
170
171
'link_flair_text'
172
173
174
175
176
'link_flair_text'
177
178
179
180
181
182
183
'link_flair_text'
184
185
186
187
188
189
190
191
192
193
194
195
196
197
'link_flair_text'
198
199
200
201
202
203
'link_flair_text'
204
205
206
207
208
list index out of range
list index out of range
list index out of range
error found
209
210
211
212
213
214
215
216
217
218
219
220
221
222
223
224
225
226
227
'selftext'
'selftext'
228
229
230
231
232
233
234
235
'link_flair_text'
236
237
238
239
240
241
242
243
244
245
246
247
248
249
250
251
252
253
254
255
256
257
258
259
260
261
262
'link_flair_text'
263
264
265
266
267
'selftext'
268
'selftext'
269
270
271
272
'selftext'
273
274
275
276
277
278
279
280
281
282
283
284
285
list index out of range
list index out of range
list index out of range
error found
286
287
288
289
290
291
292
293
294
295
296
297
298
299
300
301
302
303
304
'selftext'
305
306
307
308
309
310
311
312
313
314
315
316
'selftext'
317
318
319
320
321
322
323
'selftext'
324
325
326
327
'selftext'
328
329
330
331
332
333
334
335
336
337
338
'selftext'
339
'selftext'
340
341
342
343
344
345
346
347
348
349
350
351
352
'selftext'
353
354
'selftext'
355
356
357
358
'selftext'
359
360
361
362
363
list index out of range
list index out of range
error found
364
365
366
367
368
369
370
371
372
373
374
375
376
377
378
379
380
381
382
383
384
385
386
387
388
389
390
391
392
393
394
395
396
397
398
399
400
401
402
403
404
405
406
407
408
409
410
411
412
413
414
415
416
'link_flair_text'
417
418
419
420
421
422
423
'link_flair_text'
424
'selftext'
425
426
427
428
429
430
431
432
433
434
435
436
437
438
439
440
441
442
443
444
445
446
447
448
449
450
451
452
'selftext'
453
'selftext'
454
455
456
457
458
459
'selftext'
460
'selftext'
'selftext'
461
462
'selftext'
463
464
'selftext'
465
466
467
468
469
470
471
472
473
474
475
476
477
478
479
480
'link_flair_text'
481
482
483
484
485
486
487
488
489
490
491
'link_flair_text'
'link_flair_text'
'link_flair_text'
492
493
494
495
496
'selftext'
497
498
499
500
501
502
503
504
505
506
507
508
509
510
511
512
513
514
515
516
'link_flair_text'
517
518
519
list index out of range
list index out of range
error found
520
521
522
523
524
525
526
527
528
529
530
531
532
533
534
535
536
537
538
539
540
541
542
543
544
545
546
547
548
549
550
551
552
553
list index out of range
list index out of range
list index out of range
error found
554
555
556
557
558
559
560
561
562
563
564
565
566
567
568
569
570
571
572
573
574
575
576
577
list index out of range
list index out of range
list index out of range
list index out of range
list index out of range
list index out of range
error found
error found
578
579
580
581
582
583
584
585
'link_flair_text'
586
587
588
589
590
591
592
593
'link_flair_text'
'link_flair_text'
'link_flair_text'
594
595
596
597
598
'link_flair_text'
599
'link_flair_text'
600
'link_flair_text'
'link_flair_text'
601
'link_flair_text'
'link_flair_text'
602
'link_flair_text'
'link_flair_text'
603
'link_flair_text'
'link_flair_text'
'link_flair_text'
604
'link_flair_text'
'link_flair_text'
605
'link_flair_text'
606
'link_flair_text'
'link_flair_text'
607
608
609
'link_flair_text'
610
'link_flair_text'
'link_flair_text'
'link_flair_text'
'link_flair_text'
'link_flair_text'
611
'link_flair_text'
'link_flair_text'
612
'link_flair_text'
613
'link_flair_text'
'link_flair_text'
'link_flair_text'
'link_flair_text'
614
'link_flair_text'
'link_flair_text'
'link_flair_text'
'link_flair_text'
615
'link_flair_text'
616
'link_flair_text'
'link_flair_text'
617
'link_flair_text'
'link_flair_text'
618
'link_flair_text'
'link_flair_text'
'link_flair_text'
619
'link_flair_text'
'link_flair_text'
'link_flair_text'
'link_flair_text'
'link_flair_text'
620
621
'link_flair_text'
'link_flair_text'
622
'link_flair_text'
623
'link_flair_text'
'link_flair_text'
624
'link_flair_text'
625
'link_flair_text'
'link_flair_text'
626
'link_flair_text'
'link_flair_text'
627
'link_flair_text'
628
629
'link_flair_text'
630
'link_flair_text'
'link_flair_text'
'link_flair_text'
'link_flair_text'
'link_flair_text'
631
list index out of range
list index out of range
list index out of range
error found
632
'link_flair_text'
'link_flair_text'
633
'link_flair_text'
634
'link_flair_text'
635
636
'link_flair_text'
637
'link_flair_text'
'link_flair_text'
638
639
'link_flair_text'
640
641
'link_flair_text'
'selftext'
642
'selftext'
'selftext'
'selftext'
643
'link_flair_text'
644
645
646
'link_flair_text'
'link_flair_text'
'link_flair_text'
647
'link_flair_text'
'link_flair_text'
'link_flair_text'
'link_flair_text'
'link_flair_text'
'link_flair_text'
'link_flair_text'
648
649
'link_flair_text'
'link_flair_text'
'link_flair_text'
'link_flair_text'
'link_flair_text'
650
'link_flair_text'
651
'link_flair_text'
'link_flair_text'
652
'link_flair_text'
'link_flair_text'
653
654
'selftext'
655
'link_flair_text'
656
657
'link_flair_text'
'link_flair_text'
658
659
660
'link_flair_text'
'link_flair_text'
'link_flair_text'
'link_flair_text'
661
'link_flair_text'
'link_flair_text'
'link_flair_text'
'link_flair_text'
662
'link_flair_text'
'link_flair_text'
'link_flair_text'
'link_flair_text'
663
'link_flair_text'
664
'link_flair_text'
'link_flair_text'
665
666
'link_flair_text'
'link_flair_text'
'link_flair_text'
667
'link_flair_text'
'link_flair_text'
668
'link_flair_text'
'link_flair_text'
'link_flair_text'
669
'link_flair_text'
670
671
'link_flair_text'
'link_flair_text'
'link_flair_text'
'link_flair_text'
'link_flair_text'
672
'link_flair_text'
673
'link_flair_text'
674
'link_flair_text'
675
'link_flair_text'
'link_flair_text'
'link_flair_text'
'link_flair_text'
676
'selftext'
677
'selftext'
678
'selftext'
679
'link_flair_text'
'link_flair_text'
'selftext'
680
'link_flair_text'
'link_flair_text'
'link_flair_text'
681
682
'link_flair_text'
683
'selftext'
'selftext'
'selftext'
'selftext'
684
'selftext'
'link_flair_text'
'link_flair_text'
'selftext'
685
'link_flair_text'
'link_flair_text'
'selftext'
686
'selftext'
687
'selftext'
'link_flair_text'
'selftext'
'selftext'
'selftext'
688
'selftext'
'selftext'
'selftext'
'selftext'
list index out of range
list index out of range
error found
689
'selftext'
'selftext'
'selftext'
690
'link_flair_text'
'link_flair_text'
691
692
'link_flair_text'
'link_flair_text'
693
'link_flair_text'
'link_flair_text'
694
'link_flair_text'
695
'link_flair_text'
696
'link_flair_text'
697
'link_flair_text'
'link_flair_text'
698
'link_flair_text'
699
700
701
'link_flair_text'
'link_flair_text'
702
703
'link_flair_text'
'link_flair_text'
704
'link_flair_text'
'link_flair_text'
'link_flair_text'
'link_flair_text'
'link_flair_text'
705
'link_flair_text'
'link_flair_text'
706
'link_flair_text'
'selftext'
'link_flair_text'
707
'selftext'
'link_flair_text'
'link_flair_text'
708
'link_flair_text'
'link_flair_text'
709
'link_flair_text'
'link_flair_text'
'link_flair_text'
710
'link_flair_text'
'link_flair_text'
'link_flair_text'
711
'link_flair_text'
'link_flair_text'
712
'link_flair_text'
'link_flair_text'
'link_flair_text'
713
'link_flair_text'
list index out of range
list index out of range
list index out of range
list index out of range
error found
error found
714
715
716
717
718
'link_flair_text'
719
'link_flair_text'
'link_flair_text'
'link_flair_text'
'link_flair_text'
'link_flair_text'
720
721
'selftext'
722
list index out of range
list index out of range
error found
723
'link_flair_text'
724
'link_flair_text'
'link_flair_text'
'link_flair_text'
725
'link_flair_text'
726
'link_flair_text'
'link_flair_text'
'link_flair_text'
'link_flair_text'
727
'selftext'
728
'selftext'
'link_flair_text'
'link_flair_text'
729
'selftext'
730
'selftext'
'selftext'
'selftext'
'link_flair_text'
'selftext'
731
'selftext'
732
'selftext'
733
'selftext'
'selftext'
'selftext'
734
735
736
737
738
'selftext'
739
'selftext'
740
'link_flair_text'
'link_flair_text'
'link_flair_text'
'link_flair_text'
741
742
743
'link_flair_text'
744
'link_flair_text'
'link_flair_text'
745
'link_flair_text'
746
'link_flair_text'
'link_flair_text'
747
748
'selftext'
'selftext'
'link_flair_text'
'link_flair_text'
749
'link_flair_text'
750
751
'selftext'
'selftext'
'selftext'
'link_flair_text'
'link_flair_text'
'link_flair_text'
752
'link_flair_text'
753
'link_flair_text'
'link_flair_text'
'link_flair_text'
'link_flair_text'
'link_flair_text'
754
'link_flair_text'
'link_flair_text'
'link_flair_text'
'link_flair_text'
755
756
'link_flair_text'
list index out of range
list index out of range
list index out of range
error found
757
'link_flair_text'
758
'link_flair_text'
759
'link_flair_text'
760
'link_flair_text'
761
762
763
'link_flair_text'
'link_flair_text'
'link_flair_text'
764
'link_flair_text'
765
766
'link_flair_text'
767
'link_flair_text'
'link_flair_text'
768
'link_flair_text'
769
'link_flair_text'
'link_flair_text'
770
771
772
'link_flair_text'
773
'link_flair_text'
'link_flair_text'
774
'link_flair_text'
'link_flair_text'
'link_flair_text'
'link_flair_text'
'link_flair_text'
775
'link_flair_text'
'link_flair_text'
'link_flair_text'
'link_flair_text'
'link_flair_text'
'link_flair_text'
776
'link_flair_text'
'link_flair_text'
777
'link_flair_text'
'link_flair_text'
778
'link_flair_text'
779
'link_flair_text'
'link_flair_text'
'link_flair_text'
'link_flair_text'
'link_flair_text'
780
'link_flair_text'
781
'link_flair_text'
'link_flair_text'
'link_flair_text'
'link_flair_text'
'link_flair_text'
782
'link_flair_text'
'link_flair_text'
'link_flair_text'
'link_flair_text'
783
784
785
786
'link_flair_text'
'link_flair_text'
'link_flair_text'
787
'link_flair_text'
list index out of range
list index out of range
error found
788
'link_flair_text'
'link_flair_text'
'link_flair_text'
'link_flair_text'
789
'link_flair_text'
'link_flair_text'
'link_flair_text'
'selftext'
'link_flair_text'
790
list index out of range
list index out of range
list index out of range
error found
791
792
'link_flair_text'
793
'link_flair_text'
794
'link_flair_text'
795
'link_flair_text'
796
'link_flair_text'
797
'link_flair_text'
'link_flair_text'
'link_flair_text'
798
'link_flair_text'
'link_flair_text'
'selftext'
'link_flair_text'
'link_flair_text'
799
'link_flair_text'
800
'link_flair_text'
801
'link_flair_text'
'link_flair_text'
'link_flair_text'
802
'link_flair_text'
'link_flair_text'
803
804
'link_flair_text'
'link_flair_text'
805
'link_flair_text'
'link_flair_text'
806
'link_flair_text'
'link_flair_text'
'link_flair_text'
807
'link_flair_text'
808
'link_flair_text'
'link_flair_text'
'link_flair_text'
809
'link_flair_text'
'link_flair_text'
810
'link_flair_text'
811
'link_flair_text'
'link_flair_text'
'link_flair_text'
'link_flair_text'
812
'link_flair_text'
'link_flair_text'
list index out of range
list index out of range
list index out of range
error found
813
'link_flair_text'
'link_flair_text'
'link_flair_text'
814
'link_flair_text'
'link_flair_text'
'link_flair_text'
'link_flair_text'
815
'link_flair_text'
list index out of range
list index out of range
list index out of range
list index out of range
list index out of range
list index out of range
error found
error found
816
817
818
'link_flair_text'
819
'link_flair_text'
'link_flair_text'
'link_flair_text'
820
'link_flair_text'
821
'link_flair_text'
'link_flair_text'
822
'link_flair_text'
'link_flair_text'
list index out of range
list index out of range
list index out of range
error found
823
'link_flair_text'
'link_flair_text'
824
'link_flair_text'
'link_flair_text'
'link_flair_text'
825
'link_flair_text'
'link_flair_text'
'link_flair_text'
826
'link_flair_text'
list index out of range
list index out of range
error found
827
'link_flair_text'
'link_flair_text'
828
'link_flair_text'
'link_flair_text'
829
830
831
'link_flair_text'
'link_flair_text'
'link_flair_text'
832
'link_flair_text'
'link_flair_text'
'link_flair_text'
'link_flair_text'
'link_flair_text'
'link_flair_text'
833
'link_flair_text'
'link_flair_text'
834
'link_flair_text'
'link_flair_text'
835
'link_flair_text'
836
'link_flair_text'
'link_flair_text'
'link_flair_text'
837
'link_flair_text'
838
'link_flair_text'
'link_flair_text'
list index out of range
list index out of range
error found
839
'link_flair_text'
'link_flair_text'
840
841
'link_flair_text'
842
'link_flair_text'
'selftext'
843
'link_flair_text'
'link_flair_text'
'link_flair_text'
844
'selftext'
'selftext'
'link_flair_text'
'link_flair_text'
845
'link_flair_text'
'link_flair_text'
846
'link_flair_text'
'link_flair_text'
'link_flair_text'
847
'link_flair_text'
'link_flair_text'
'link_flair_text'
848
'selftext'
849
850
'link_flair_text'
'link_flair_text'
851
'link_flair_text'
852
'link_flair_text'
853
854
855
'link_flair_text'
856
'link_flair_text'
'link_flair_text'
857
'link_flair_text'
'link_flair_text'
'link_flair_text'
'link_flair_text'
858
'link_flair_text'
'link_flair_text'
'link_flair_text'
'link_flair_text'
'link_flair_text'
859
860
'link_flair_text'
'link_flair_text'
861
'link_flair_text'
'link_flair_text'
'link_flair_text'
'link_flair_text'
862
'link_flair_text'
'link_flair_text'
'link_flair_text'
'link_flair_text'
'link_flair_text'
'link_flair_text'
863
'link_flair_text'
'link_flair_text'
'link_flair_text'
list index out of range
list index out of range
error found
864
'link_flair_text'
'link_flair_text'
'link_flair_text'
865
'link_flair_text'
'link_flair_text'
'link_flair_text'
866
'link_flair_text'
'link_flair_text'
867
'link_flair_text'
868
'link_flair_text'
'link_flair_text'
'link_flair_text'
'link_flair_text'
'link_flair_text'
'link_flair_text'
'link_flair_text'
869
'link_flair_text'
870
'link_flair_text'
'link_flair_text'
871
'link_flair_text'
'link_flair_text'
'link_flair_text'
872
'link_flair_text'
'link_flair_text'
'link_flair_text'
'link_flair_text'
'link_flair_text'
'link_flair_text'
'link_flair_text'
873
'link_flair_text'
'link_flair_text'
'link_flair_text'
874
875
'link_flair_text'
876
'link_flair_text'
'link_flair_text'
'link_flair_text'
'link_flair_text'
877
'link_flair_text'
'link_flair_text'
878
'link_flair_text'
879
'link_flair_text'
'link_flair_text'
'selftext'
'link_flair_text'
'link_flair_text'
880
'link_flair_text'
'link_flair_text'
'link_flair_text'
'link_flair_text'
'link_flair_text'
881
'link_flair_text'
'link_flair_text'
'link_flair_text'
882
'link_flair_text'
'link_flair_text'
'link_flair_text'
883
'link_flair_text'
'link_flair_text'
'link_flair_text'
884
'link_flair_text'
'link_flair_text'
885
'link_flair_text'
'link_flair_text'
'link_flair_text'
'link_flair_text'
886
887
'link_flair_text'
'link_flair_text'
'link_flair_text'
'link_flair_text'
'link_flair_text'
'link_flair_text'
888
'link_flair_text'
'link_flair_text'
889
890
'link_flair_text'
'link_flair_text'
'link_flair_text'
891
'link_flair_text'
'link_flair_text'
'selftext'
892
'link_flair_text'
'link_flair_text'
'link_flair_text'
893
list index out of range
list index out of range
error found
894
'link_flair_text'
'link_flair_text'
895
'link_flair_text'
'link_flair_text'
'link_flair_text'
896
'link_flair_text'
'link_flair_text'
897
'link_flair_text'
'link_flair_text'
898
'link_flair_text'
'link_flair_text'
'link_flair_text'
'link_flair_text'
899
'link_flair_text'
900
'link_flair_text'
'link_flair_text'
901
'link_flair_text'
'link_flair_text'
902
'link_flair_text'
'link_flair_text'
'link_flair_text'
903
'link_flair_text'
'link_flair_text'
'link_flair_text'
'selftext'
904
'link_flair_text'
